<?xml version="1.0" encoding="UTF-8"?>
<!-- Generated by org.testng.reporters.JUnitReportReporter -->
<testsuite hostname="HP15-da1074tx" failures="0" tests="3" name="Testng.DataProviderEx1" time="0.007" errors="0" timestamp="2024-06-20T10:28:51 IST" skipped="0">
  <testcase classname="Testng.DataProviderEx1" name="bookTicketTest" time="0.002"/>
  <system-out/>
  <testcase classname="Testng.DataProviderEx1" name="bookTicketTest" time="0.004"/>
  <system-out/>
  <testcase classname="Testng.DataProviderEx1" name="bookTicketTest" time="0.001"/>
  <system-out/>
</testsuite> <!-- Testng.DataProviderEx1 -->
