<?xml version="1.0" encoding="UTF-8"?>
<!-- Generated by org.testng.reporters.JUnitReportReporter -->
<testsuite hostname="HP15-da1074tx" failures="0" tests="4" name="Testng.SampleTest" time="0.022" errors="0" timestamp="2024-06-18T10:42:39 IST" skipped="1">
  <testcase classname="Testng.SampleTest" name="createProduct" time="0.002"/>
  <system-out/>
  <testcase classname="Testng.SampleTest" name="deleteProduct" time="0.002"/>
  <system-out/>
  <testcase classname="Testng.SampleTest" name="createProduct" time="0.018"/>
  <system-out/>
  <testcase classname="Testng.SampleTest" name="modifyProduct">
    <skipped/>
  </testcase> <!-- modifyProduct -->
  <system-out/>
</testsuite> <!-- Testng.SampleTest -->
